<?xml version="1.0" encoding="UTF-8"?>
<!-- Generated by org.testng.reporters.JUnitXMLReporter -->
<testsuite ignored="0" hostname="LT075537" failures="0" tests="2" name="RA" time="558.861" errors="0" timestamp="03 Feb 2020 16:35:53 GMT">
  <testcase classname="com.npw.testscripts.ra.TC_01_CreateRAApplication" name="createApp on [TC_01_CreateRAApplication passed=0 failed=0 skipped=0]" time="35.562"/>
  <testcase classname="com.npw.testscripts.ra.TC_05_VerifyNPWLinks" name="verifyLinks on [TC_05_VerifyNPWLinks passed=0 failed=0 skipped=0]" time="498.294"/>
</testsuite> <!-- RA -->
