<?xml version="1.0" encoding="UTF-8" ?>
<testsuite tests="2" failures="0" name="TestSuite" time="533.855" errors="0" skipped="0">
  <properties>
[...]
</properties>
  <testcase classname="com.npw.testscripts.ra.TC_01_CreateRAApplication" name="createApp on [TC_01_CreateRAApplication passed=0 failed=0 skipped=0]" time="35.562"/>
  <testcase classname="com.npw.testscripts.ra.TC_05_VerifyNPWLinks" name="verifyLinks on [TC_05_VerifyNPWLinks passed=0 failed=0 skipped=0]" time="498.293"/>
</testsuite>