<?xml version="1.0" encoding="UTF-8"?>
<testng-results ignored="0" total="2" passed="2" failed="0" skipped="0">
  <reporter-output>
  </reporter-output>
  <suite started-at="2020-02-03T16:26:34Z" name="RA Test Cases" finished-at="2020-02-03T16:35:53Z" duration-ms="558861">
    <groups>
    </groups>
    <test started-at="2020-02-03T16:26:34Z" name="RA" finished-at="2020-02-03T16:35:53Z" duration-ms="558861">
      <class name="com.npw.testscripts.ra.TC_01_CreateRAApplication">
        <test-method is-config="true" signature="launchBrowser(java.lang.String, java.lang.String, java.lang.String, java.lang.String)[pri:0, instance:[TC_01_CreateRAApplication passed=0 failed=0 skipped=0]]" started-at="2020-02-03T18:26:34Z" name="launchBrowser" finished-at="2020-02-03T18:26:46Z" duration-ms="12330" status="PASS">
          <params>
            <param index="0">
              <value>
                <![CDATA[ff]]>
              </value>
            </param>
            <param index="1">
              <value>
                <![CDATA[http://oldmutual.co.za]]>
              </value>
            </param>
            <param index="2">
              <value>
                <![CDATA[Admin]]>
              </value>
            </param>
            <param index="3">
              <value>
                <![CDATA[Password1$]]>
              </value>
            </param>
          </params>
          <reporter-output>
          </reporter-output>
        </test-method> <!-- launchBrowser -->
        <test-method signature="createApp()[pri:0, instance:[TC_01_CreateRAApplication passed=0 failed=0 skipped=0]]" started-at="2020-02-03T18:26:46Z" name="createApp" finished-at="2020-02-03T18:27:22Z" duration-ms="35562" status="PASS">
          <reporter-output>
          </reporter-output>
        </test-method> <!-- createApp -->
        <test-method is-config="true" signature="closeBrowser()[pri:0, instance:[TC_01_CreateRAApplication passed=0 failed=0 skipped=0]]" started-at="2020-02-03T18:27:22Z" name="closeBrowser" finished-at="2020-02-03T18:27:23Z" duration-ms="957" status="PASS">
          <reporter-output>
          </reporter-output>
        </test-method> <!-- closeBrowser -->
      </class> <!-- com.npw.testscripts.ra.TC_01_CreateRAApplication -->
      <class name="com.npw.testscripts.ra.TC_05_VerifyNPWLinks">
        <test-method is-config="true" signature="launchBrowser(java.lang.String, java.lang.String, java.lang.String, java.lang.String)[pri:0, instance:[TC_05_VerifyNPWLinks passed=0 failed=0 skipped=0]]" started-at="2020-02-03T18:27:23Z" name="launchBrowser" finished-at="2020-02-03T18:27:32Z" duration-ms="9076" status="PASS">
          <params>
            <param index="0">
              <value>
                <![CDATA[ff]]>
              </value>
            </param>
            <param index="1">
              <value>
                <![CDATA[http://oldmutual.co.za]]>
              </value>
            </param>
            <param index="2">
              <value>
                <![CDATA[Admin]]>
              </value>
            </param>
            <param index="3">
              <value>
                <![CDATA[Password1$]]>
              </value>
            </param>
          </params>
          <reporter-output>
          </reporter-output>
        </test-method> <!-- launchBrowser -->
        <test-method signature="verifyLinks()[pri:0, instance:[TC_05_VerifyNPWLinks passed=0 failed=0 skipped=0]]" started-at="2020-02-03T18:27:32Z" name="verifyLinks" finished-at="2020-02-03T18:35:50Z" duration-ms="498294" status="PASS">
          <reporter-output>
          </reporter-output>
        </test-method> <!-- verifyLinks -->
        <test-method is-config="true" signature="closeBrowser()[pri:0, instance:[TC_05_VerifyNPWLinks passed=0 failed=0 skipped=0]]" started-at="2020-02-03T18:35:50Z" name="closeBrowser" finished-at="2020-02-03T18:35:53Z" duration-ms="2616" status="PASS">
          <reporter-output>
          </reporter-output>
        </test-method> <!-- closeBrowser -->
      </class> <!-- com.npw.testscripts.ra.TC_05_VerifyNPWLinks -->
    </test> <!-- RA -->
  </suite> <!-- RA Test Cases -->
</testng-results>
